{
  "stats": {
    "suites": 10,
    "tests": 18,
    "passes": 9,
    "pending": 0,
    "failures": 9,
    "start": "2026-05-09T07:31:46.297Z",
    "end": "2026-05-09T07:34:36.282Z",
    "duration": 169985,
    "testsRegistered": 18,
    "passPercent": 50,
    "pendingPercent": 0,
    "other": 0,
    "hasOther": false,
    "skipped": 0,
    "hasSkipped": false
  },
  "results": [
    {
      "uuid": "a84d84ba-7396-45a7-9a28-fb372842cfc6",
      "title": "",
      "fullFile": "",
      "file": "",
      "beforeHooks": [],
      "afterHooks": [],
      "tests": [],
      "suites": [
        {
          "uuid": "eedc40b5-f2c2-46bd-86fc-1bea4b60f4c7",
          "title": "Accessibility Features E2E",
          "fullFile": "C:\\Users\\jaydi\\Documents\\final-year-project\\selenium-tests\\tests\\accessibility.test.js",
          "file": "\\tests\\accessibility.test.js",
          "beforeHooks": [
            {
              "title": "\"before all\" hook in \"Accessibility Features E2E\"",
              "fullTitle": "Accessibility Features E2E \"before all\" hook in \"Accessibility Features E2E\"",
              "timedOut": false,
              "duration": 754,
              "state": null,
              "speed": null,
              "pass": false,
              "fail": false,
              "pending": false,
              "context": null,
              "code": "driver = await getDriver();\nlandingPage = new LandingPage(driver);",
              "err": {},
              "uuid": "d6d5a0ba-aacf-46c8-9ea2-fc31af00c140",
              "parentUUID": "eedc40b5-f2c2-46bd-86fc-1bea4b60f4c7",
              "isHook": true,
              "skipped": false
            }
          ],
          "afterHooks": [
            {
              "title": "\"after all\" hook in \"Accessibility Features E2E\"",
              "fullTitle": "Accessibility Features E2E \"after all\" hook in \"Accessibility Features E2E\"",
              "timedOut": false,
              "duration": 129,
              "state": null,
              "speed": null,
              "pass": false,
              "fail": false,
              "pending": false,
              "context": null,
              "code": "if (driver) {\n    await driver.quit();\n}",
              "err": {},
              "uuid": "086ef692-d372-47a3-8e82-8b0cd9fa2f94",
              "parentUUID": "eedc40b5-f2c2-46bd-86fc-1bea4b60f4c7",
              "isHook": true,
              "skipped": false
            },
            {
              "title": "\"after each\" hook in \"Accessibility Features E2E\"",
              "fullTitle": "Accessibility Features E2E \"after each\" hook in \"Accessibility Features E2E\"",
              "timedOut": false,
              "duration": 252,
              "state": null,
              "speed": null,
              "pass": false,
              "fail": false,
              "pending": false,
              "context": null,
              "code": "if (this.currentTest.state === 'failed') {\n    await ScreenshotHelper.takeScreenshotOnFailure(driver, this.currentTest.title);\n}",
              "err": {},
              "uuid": "62626c13-c64d-44ec-862e-321b4e9b2a33",
              "parentUUID": "eedc40b5-f2c2-46bd-86fc-1bea4b60f4c7",
              "isHook": true,
              "skipped": false
            }
          ],
          "tests": [
            {
              "title": "should be able to toggle accessibility menu globally",
              "fullTitle": "Accessibility Features E2E should be able to toggle accessibility menu globally",
              "timedOut": false,
              "duration": 4161,
              "state": "failed",
              "speed": null,
              "pass": false,
              "fail": true,
              "pending": false,
              "context": null,
              "code": "await landingPage.navigateToLanding();\n\ntry {\n    await WaitHelpers.waitForElementClickable(driver, a11yMenuBtn, 5000);\n    await driver.findElement(a11yMenuBtn).click();\n    \n    // Wait for menu to open, we assume there are feature toggle buttons\n    await WaitHelpers.waitForElementVisible(driver, readingRulerBtn, 3000);\n    const isMenuOpen = await driver.findElement(readingRulerBtn).isDisplayed();\n    expect(isMenuOpen).to.be.true;\n} catch (e) {\n    // If the accessibility button doesn't exist on landing page, this test might skip or fail.\n    // But App.jsx shows it's globally wrapped outside Routes.\n    console.warn(\"Accessibility menu not found or not clickable\", e);\n    throw e;\n}",
              "err": {
                "message": "TimeoutError: Element not located: By(xpath, //button[contains(., 'Reading Ruler')])\nWait timed out after 3170ms",
                "estack": "TimeoutError: Element not located: By(xpath, //button[contains(., 'Reading Ruler')])\nWait timed out after 3170ms\n    at C:\\Users\\jaydi\\Documents\\final-year-project\\selenium-tests\\node_modules\\selenium-webdriver\\lib\\webdriver.js:929:22\n    at process.processTicksAndRejections (node:internal/process/task_queues:95:5)",
                "diff": null
              },
              "uuid": "dbd1176d-d620-447d-ac83-21bbc078a3a1",
              "parentUUID": "eedc40b5-f2c2-46bd-86fc-1bea4b60f4c7",
              "isHook": false,
              "skipped": false
            }
          ],
          "suites": [],
          "passes": [],
          "failures": [
            "dbd1176d-d620-447d-ac83-21bbc078a3a1"
          ],
          "pending": [],
          "skipped": [],
          "duration": 4161,
          "root": false,
          "rootEmpty": false,
          "_timeout": 30000
        },
        {
          "uuid": "c63c998f-591c-4ca1-ba51-0274ce518893",
          "title": "AI Companion E2E",
          "fullFile": "C:\\Users\\jaydi\\Documents\\final-year-project\\selenium-tests\\tests\\aiCompanion.test.js",
          "file": "\\tests\\aiCompanion.test.js",
          "beforeHooks": [
            {
              "title": "\"before all\" hook in \"AI Companion E2E\"",
              "fullTitle": "AI Companion E2E \"before all\" hook in \"AI Companion E2E\"",
              "timedOut": false,
              "duration": 2999,
              "state": null,
              "speed": null,
              "pass": false,
              "fail": false,
              "pending": false,
              "context": null,
              "code": "driver = await getDriver();\nloginPage = new LoginPage(driver);\ndashboardPage = new DashboardPage(driver);\naiCompanionPage = new AICompanionPage(driver);\n// Pre-requisite: Login\nawait loginPage.navigateToLogin();\nawait loginPage.login(mockData.users.student.email, mockData.users.student.password);\nawait dashboardPage.isDashboardLoaded();",
              "err": {},
              "uuid": "f41b4326-fd4e-4c03-8691-bc4093906b78",
              "parentUUID": "c63c998f-591c-4ca1-ba51-0274ce518893",
              "isHook": true,
              "skipped": false
            }
          ],
          "afterHooks": [
            {
              "title": "\"after all\" hook in \"AI Companion E2E\"",
              "fullTitle": "AI Companion E2E \"after all\" hook in \"AI Companion E2E\"",
              "timedOut": false,
              "duration": 123,
              "state": null,
              "speed": null,
              "pass": false,
              "fail": false,
              "pending": false,
              "context": null,
              "code": "if (driver) {\n    await driver.quit();\n}",
              "err": {},
              "uuid": "8e1ae543-d341-4541-85fa-f4708c9a4b3d",
              "parentUUID": "c63c998f-591c-4ca1-ba51-0274ce518893",
              "isHook": true,
              "skipped": false
            },
            {
              "title": "\"after each\" hook in \"AI Companion E2E\"",
              "fullTitle": "AI Companion E2E \"after each\" hook in \"AI Companion E2E\"",
              "timedOut": false,
              "duration": 1,
              "state": null,
              "speed": null,
              "pass": false,
              "fail": false,
              "pending": false,
              "context": null,
              "code": "if (this.currentTest.state === 'failed') {\n    await ScreenshotHelper.takeScreenshotOnFailure(driver, this.currentTest.title);\n}",
              "err": {},
              "uuid": "6ef50e15-cf8f-4fcc-b798-3c05a0de6b4f",
              "parentUUID": "c63c998f-591c-4ca1-ba51-0274ce518893",
              "isHook": true,
              "skipped": false
            }
          ],
          "tests": [
            {
              "title": "should activate AI companion and display thinking dots or response context",
              "fullTitle": "AI Companion E2E should activate AI companion and display thinking dots or response context",
              "timedOut": false,
              "duration": 90,
              "state": "passed",
              "speed": "slow",
              "pass": true,
              "fail": false,
              "pending": false,
              "context": null,
              "code": "// Toggle AI Companion\nawait aiCompanionPage.toggleAICompanion();\n// Note: Testing actual speech recognition in headless Selenium is not feasible. \n// We simulate the interaction or wait for the UI response state.\n// In a real scenario, you might inject a mock event or use an API to trigger the text flow.\n\n// For this test, we verify that clicking toggles the active state \n// (the button gets 'ring-rose-400' class when listening, but we will just ensure it's clickable and doesn't crash).\nconst isBubblePresent = await aiCompanionPage.isElementDisplayed(aiCompanionPage.aiAvatarButton);\nexpect(isBubblePresent).to.be.true;",
              "err": {},
              "uuid": "4abf97cb-b3b9-43ab-9fb0-9995a8b211a4",
              "parentUUID": "c63c998f-591c-4ca1-ba51-0274ce518893",
              "isHook": false,
              "skipped": false
            }
          ],
          "suites": [],
          "passes": [
            "4abf97cb-b3b9-43ab-9fb0-9995a8b211a4"
          ],
          "failures": [],
          "pending": [],
          "skipped": [],
          "duration": 90,
          "root": false,
          "rootEmpty": false,
          "_timeout": 90000
        },
        {
          "uuid": "98a9579f-02c9-4494-97e3-033099330db2",
          "title": "Analytics E2E",
          "fullFile": "C:\\Users\\jaydi\\Documents\\final-year-project\\selenium-tests\\tests\\analytics.test.js",
          "file": "\\tests\\analytics.test.js",
          "beforeHooks": [
            {
              "title": "\"before all\" hook in \"Analytics E2E\"",
              "fullTitle": "Analytics E2E \"before all\" hook in \"Analytics E2E\"",
              "timedOut": false,
              "duration": 1718,
              "state": null,
              "speed": null,
              "pass": false,
              "fail": false,
              "pending": false,
              "context": null,
              "code": "driver = await getDriver();\nanalyticsPage = new AnalyticsPage(driver);\ndashboardPage = new DashboardPage(driver);\nloginPage = new LoginPage(driver);\n// Pre-requisite: Login as Student\nawait loginPage.navigateToLogin();\nawait loginPage.login(mockData.users.student.email, mockData.users.student.password);",
              "err": {},
              "uuid": "219aedba-f772-43ca-a092-4e8af985e82c",
              "parentUUID": "98a9579f-02c9-4494-97e3-033099330db2",
              "isHook": true,
              "skipped": false
            }
          ],
          "afterHooks": [
            {
              "title": "\"after all\" hook in \"Analytics E2E\"",
              "fullTitle": "Analytics E2E \"after all\" hook in \"Analytics E2E\"",
              "timedOut": false,
              "duration": 117,
              "state": null,
              "speed": null,
              "pass": false,
              "fail": false,
              "pending": false,
              "context": null,
              "code": "if (driver) {\n    await driver.quit();\n}",
              "err": {},
              "uuid": "31b3e318-0e02-40ad-98ff-1f089cb767ac",
              "parentUUID": "98a9579f-02c9-4494-97e3-033099330db2",
              "isHook": true,
              "skipped": false
            },
            {
              "title": "\"after each\" hook in \"Analytics E2E\"",
              "fullTitle": "Analytics E2E \"after each\" hook in \"Analytics E2E\"",
              "timedOut": false,
              "duration": 0,
              "state": null,
              "speed": null,
              "pass": false,
              "fail": false,
              "pending": false,
              "context": null,
              "code": "if (this.currentTest.state === 'failed') {\n    await ScreenshotHelper.takeScreenshotOnFailure(driver, this.currentTest.title);\n}",
              "err": {},
              "uuid": "14011714-7ab6-49d3-9f63-6ae2b4628aa1",
              "parentUUID": "98a9579f-02c9-4494-97e3-033099330db2",
              "isHook": true,
              "skipped": false
            }
          ],
          "tests": [
            {
              "title": "should navigate to analytics page and view stats",
              "fullTitle": "Analytics E2E should navigate to analytics page and view stats",
              "timedOut": false,
              "duration": 2817,
              "state": "passed",
              "speed": "slow",
              "pass": true,
              "fail": false,
              "pending": false,
              "context": null,
              "code": "// Assume student can access analytics via dashboard\nawait dashboardPage.navigateToAnalytics();\n\nconst isLoaded = await analyticsPage.isAnalyticsLoaded();\nexpect(isLoaded).to.be.true;\nconst count = await analyticsPage.getStatsCardsCount();\n// It might be 0 if the user is completely new, but we expect UI to render at least the containers\n// or check for charts\nconst isChartDisplayed = await analyticsPage.isChartDisplayed();\n\n// At least one form of data presentation should be visible\nexpect(count > 0 || isChartDisplayed).to.be.true;",
              "err": {},
              "uuid": "2fbb9ea7-47de-432e-8efc-8048b6532274",
              "parentUUID": "98a9579f-02c9-4494-97e3-033099330db2",
              "isHook": false,
              "skipped": false
            }
          ],
          "suites": [],
          "passes": [
            "2fbb9ea7-47de-432e-8efc-8048b6532274"
          ],
          "failures": [],
          "pending": [],
          "skipped": [],
          "duration": 2817,
          "root": false,
          "rootEmpty": false,
          "_timeout": 45000
        },
        {
          "uuid": "3bc9087a-460a-40f2-bdf2-0e95b74c120f",
          "title": "Authentication Flow E2E",
          "fullFile": "C:\\Users\\jaydi\\Documents\\final-year-project\\selenium-tests\\tests\\auth.test.js",
          "file": "\\tests\\auth.test.js",
          "beforeHooks": [
            {
              "title": "\"before all\" hook in \"Authentication Flow E2E\"",
              "fullTitle": "Authentication Flow E2E \"before all\" hook in \"Authentication Flow E2E\"",
              "timedOut": false,
              "duration": 815,
              "state": null,
              "speed": null,
              "pass": false,
              "fail": false,
              "pending": false,
              "context": null,
              "code": "driver = await getDriver();\nloginPage = new LoginPage(driver);\ndashboardPage = new DashboardPage(driver);",
              "err": {},
              "uuid": "4c35d149-fdcc-4f8d-ba56-07da4949219c",
              "parentUUID": "3bc9087a-460a-40f2-bdf2-0e95b74c120f",
              "isHook": true,
              "skipped": false
            }
          ],
          "afterHooks": [
            {
              "title": "\"after all\" hook in \"Authentication Flow E2E\"",
              "fullTitle": "Authentication Flow E2E \"after all\" hook in \"Authentication Flow E2E\"",
              "timedOut": false,
              "duration": 176,
              "state": null,
              "speed": null,
              "pass": false,
              "fail": false,
              "pending": false,
              "context": null,
              "code": "if (driver) {\n    await driver.quit();\n}",
              "err": {},
              "uuid": "e394e454-9ff9-4d0b-8479-0369132a07ba",
              "parentUUID": "3bc9087a-460a-40f2-bdf2-0e95b74c120f",
              "isHook": true,
              "skipped": false
            },
            {
              "title": "\"after each\" hook in \"Authentication Flow E2E\"",
              "fullTitle": "Authentication Flow E2E \"after each\" hook in \"Authentication Flow E2E\"",
              "timedOut": false,
              "duration": 0,
              "state": null,
              "speed": null,
              "pass": false,
              "fail": false,
              "pending": false,
              "context": null,
              "code": "if (this.currentTest.state === 'failed') {\n    await ScreenshotHelper.takeScreenshotOnFailure(driver, this.currentTest.title);\n}",
              "err": {},
              "uuid": "062c588c-a9a3-431d-8de3-d9cf30c71742",
              "parentUUID": "3bc9087a-460a-40f2-bdf2-0e95b74c120f",
              "isHook": true,
              "skipped": false
            }
          ],
          "tests": [
            {
              "title": "should show an error for invalid credentials",
              "fullTitle": "Authentication Flow E2E should show an error for invalid credentials",
              "timedOut": false,
              "duration": 16185,
              "state": "failed",
              "speed": null,
              "pass": false,
              "fail": true,
              "pending": false,
              "context": null,
              "code": "await loginPage.navigateToLogin();\nawait loginPage.login('invalid@example.com', 'wrongpassword');\n\n// Wait for and check error message (assuming the UI displays one)\n// Note: adjust the assertion based on the actual error text if needed.\nconst errorText = await loginPage.getErrorMessage();\nexpect(errorText).to.not.be.empty;",
              "err": {
                "message": "TimeoutError: Element not located: By(css selector, .text-red-500, .bg-red-900\\/20)\nWait timed out after 15143ms",
                "estack": "TimeoutError: Element not located: By(css selector, .text-red-500, .bg-red-900\\/20)\nWait timed out after 15143ms\n    at C:\\Users\\jaydi\\Documents\\final-year-project\\selenium-tests\\node_modules\\selenium-webdriver\\lib\\webdriver.js:929:22\n    at process.processTicksAndRejections (node:internal/process/task_queues:95:5)",
                "diff": null
              },
              "uuid": "1acf4e48-61c9-4e39-ba19-262891b81e14",
              "parentUUID": "3bc9087a-460a-40f2-bdf2-0e95b74c120f",
              "isHook": false,
              "skipped": false
            },
            {
              "title": "should successfully log in a valid user and navigate to dashboard",
              "fullTitle": "Authentication Flow E2E should successfully log in a valid user and navigate to dashboard",
              "timedOut": false,
              "duration": 1182,
              "state": "passed",
              "speed": "slow",
              "pass": true,
              "fail": false,
              "pending": false,
              "context": null,
              "code": "await loginPage.navigateToLogin();\nawait loginPage.login(mockData.users.student.email, mockData.users.student.password);\n\nconst isDashboardLoaded = await dashboardPage.isDashboardLoaded();\nexpect(isDashboardLoaded).to.be.true;",
              "err": {},
              "uuid": "6efc3e4e-fb36-4ee4-b66a-10593f9e1b4b",
              "parentUUID": "3bc9087a-460a-40f2-bdf2-0e95b74c120f",
              "isHook": false,
              "skipped": false
            },
            {
              "title": "should allow user to logout",
              "fullTitle": "Authentication Flow E2E should allow user to logout",
              "timedOut": false,
              "duration": 164,
              "state": "passed",
              "speed": "slow",
              "pass": true,
              "fail": false,
              "pending": false,
              "context": null,
              "code": "await dashboardPage.logout();\n// Assuming logout redirects to login or home\nconst currentUrl = await driver.getCurrentUrl();\nexpect(currentUrl).to.include('/login');",
              "err": {},
              "uuid": "2286edad-441b-43e1-83e5-b87bc126eeb9",
              "parentUUID": "3bc9087a-460a-40f2-bdf2-0e95b74c120f",
              "isHook": false,
              "skipped": false
            }
          ],
          "suites": [],
          "passes": [
            "6efc3e4e-fb36-4ee4-b66a-10593f9e1b4b",
            "2286edad-441b-43e1-83e5-b87bc126eeb9"
          ],
          "failures": [
            "1acf4e48-61c9-4e39-ba19-262891b81e14"
          ],
          "pending": [],
          "skipped": [],
          "duration": 17531,
          "root": false,
          "rootEmpty": false,
          "_timeout": 60000
        },
        {
          "uuid": "1c5c46ce-1f8c-47e6-a20e-fb79b4bb618d",
          "title": "Teacher Classrooms E2E",
          "fullFile": "C:\\Users\\jaydi\\Documents\\final-year-project\\selenium-tests\\tests\\classrooms.test.js",
          "file": "\\tests\\classrooms.test.js",
          "beforeHooks": [
            {
              "title": "\"before all\" hook in \"Teacher Classrooms E2E\"",
              "fullTitle": "Teacher Classrooms E2E \"before all\" hook in \"Teacher Classrooms E2E\"",
              "timedOut": false,
              "duration": 1735,
              "state": null,
              "speed": null,
              "pass": false,
              "fail": false,
              "pending": false,
              "context": null,
              "code": "driver = await getDriver();\nclassroomsPage = new ClassroomsPage(driver);\nloginPage = new LoginPage(driver);\n// Pre-requisite: Login as Teacher\nawait loginPage.navigateToLogin();\nawait loginPage.login(mockData.users.teacher.email, mockData.users.teacher.password);",
              "err": {},
              "uuid": "ed97f0f8-f224-416a-853a-815461b7b9ac",
              "parentUUID": "1c5c46ce-1f8c-47e6-a20e-fb79b4bb618d",
              "isHook": true,
              "skipped": false
            }
          ],
          "afterHooks": [
            {
              "title": "\"after all\" hook in \"Teacher Classrooms E2E\"",
              "fullTitle": "Teacher Classrooms E2E \"after all\" hook in \"Teacher Classrooms E2E\"",
              "timedOut": false,
              "duration": 104,
              "state": null,
              "speed": null,
              "pass": false,
              "fail": false,
              "pending": false,
              "context": null,
              "code": "if (driver) {\n    await driver.quit();\n}",
              "err": {},
              "uuid": "ad9cd5db-e998-4937-8890-686ea3c6dbc2",
              "parentUUID": "1c5c46ce-1f8c-47e6-a20e-fb79b4bb618d",
              "isHook": true,
              "skipped": false
            },
            {
              "title": "\"after each\" hook in \"Teacher Classrooms E2E\"",
              "fullTitle": "Teacher Classrooms E2E \"after each\" hook in \"Teacher Classrooms E2E\"",
              "timedOut": false,
              "duration": 91,
              "state": null,
              "speed": null,
              "pass": false,
              "fail": false,
              "pending": false,
              "context": null,
              "code": "if (this.currentTest.state === 'failed') {\n    await ScreenshotHelper.takeScreenshotOnFailure(driver, this.currentTest.title);\n}",
              "err": {},
              "uuid": "3828f491-a2e8-49e6-8d76-ac62868c3857",
              "parentUUID": "1c5c46ce-1f8c-47e6-a20e-fb79b4bb618d",
              "isHook": true,
              "skipped": false
            }
          ],
          "tests": [
            {
              "title": "should navigate to teacher classrooms and create a new classroom",
              "fullTitle": "Teacher Classrooms E2E should navigate to teacher classrooms and create a new classroom",
              "timedOut": false,
              "duration": 15412,
              "state": "failed",
              "speed": null,
              "pass": false,
              "fail": true,
              "pending": false,
              "context": null,
              "code": "await classroomsPage.navigateToTeacherClassrooms();\n\nconst initialCount = await classroomsPage.getClassroomsCount();\n\nconst uniqueName = `${mockData.classroom.name} - ${Date.now()}`;\nawait classroomsPage.createClassroom(uniqueName, mockData.classroom.description);\n\n// Wait for list to update or redirect\nawait driver.sleep(2000); \nawait classroomsPage.navigateToTeacherClassrooms(); // Ensure we are on the list\n\nconst newCount = await classroomsPage.getClassroomsCount();\nexpect(newCount).to.be.greaterThanOrEqual(initialCount);",
              "err": {
                "message": "TimeoutError: Element not located: By(xpath, //button[contains(., 'Create Classroom') or contains(., 'New Classroom')])\nWait timed out after 15105ms",
                "estack": "TimeoutError: Element not located: By(xpath, //button[contains(., 'Create Classroom') or contains(., 'New Classroom')])\nWait timed out after 15105ms\n    at C:\\Users\\jaydi\\Documents\\final-year-project\\selenium-tests\\node_modules\\selenium-webdriver\\lib\\webdriver.js:929:22\n    at process.processTicksAndRejections (node:internal/process/task_queues:95:5)",
                "diff": null
              },
              "uuid": "155c819f-65cc-4a48-a7f4-649fd6b6702a",
              "parentUUID": "1c5c46ce-1f8c-47e6-a20e-fb79b4bb618d",
              "isHook": false,
              "skipped": false
            }
          ],
          "suites": [],
          "passes": [],
          "failures": [
            "155c819f-65cc-4a48-a7f4-649fd6b6702a"
          ],
          "pending": [],
          "skipped": [],
          "duration": 15412,
          "root": false,
          "rootEmpty": false,
          "_timeout": 45000
        },
        {
          "uuid": "ecd86a8c-8f09-45d9-9e1d-180dd4625994",
          "title": "Landing Page E2E",
          "fullFile": "C:\\Users\\jaydi\\Documents\\final-year-project\\selenium-tests\\tests\\landing.test.js",
          "file": "\\tests\\landing.test.js",
          "beforeHooks": [
            {
              "title": "\"before all\" hook in \"Landing Page E2E\"",
              "fullTitle": "Landing Page E2E \"before all\" hook in \"Landing Page E2E\"",
              "timedOut": false,
              "duration": 741,
              "state": null,
              "speed": null,
              "pass": false,
              "fail": false,
              "pending": false,
              "context": null,
              "code": "driver = await getDriver();\nlandingPage = new LandingPage(driver);",
              "err": {},
              "uuid": "81c366bf-ee68-4e03-8fa0-5136636c8c92",
              "parentUUID": "ecd86a8c-8f09-45d9-9e1d-180dd4625994",
              "isHook": true,
              "skipped": false
            }
          ],
          "afterHooks": [
            {
              "title": "\"after all\" hook in \"Landing Page E2E\"",
              "fullTitle": "Landing Page E2E \"after all\" hook in \"Landing Page E2E\"",
              "timedOut": false,
              "duration": 144,
              "state": null,
              "speed": null,
              "pass": false,
              "fail": false,
              "pending": false,
              "context": null,
              "code": "if (driver) {\n    await driver.quit();\n}",
              "err": {},
              "uuid": "05122bbe-11ce-419d-a2ee-b661a5900d24",
              "parentUUID": "ecd86a8c-8f09-45d9-9e1d-180dd4625994",
              "isHook": true,
              "skipped": false
            },
            {
              "title": "\"after each\" hook in \"Landing Page E2E\"",
              "fullTitle": "Landing Page E2E \"after each\" hook in \"Landing Page E2E\"",
              "timedOut": false,
              "duration": 0,
              "state": null,
              "speed": null,
              "pass": false,
              "fail": false,
              "pending": false,
              "context": null,
              "code": "if (this.currentTest.state === 'failed') {\n    await ScreenshotHelper.takeScreenshotOnFailure(driver, this.currentTest.title);\n}",
              "err": {},
              "uuid": "b046e178-ae59-404c-986c-70e47937aacc",
              "parentUUID": "ecd86a8c-8f09-45d9-9e1d-180dd4625994",
              "isHook": true,
              "skipped": false
            }
          ],
          "tests": [
            {
              "title": "should display the landing page successfully",
              "fullTitle": "Landing Page E2E should display the landing page successfully",
              "timedOut": false,
              "duration": 971,
              "state": "passed",
              "speed": "slow",
              "pass": true,
              "fail": false,
              "pending": false,
              "context": null,
              "code": "await landingPage.navigateToLanding();\nconst isDisplayed = await landingPage.isLandingPageDisplayed();\nexpect(isDisplayed).to.be.true;",
              "err": {},
              "uuid": "4e38a0fe-86d1-46c6-b523-47efccee054c",
              "parentUUID": "ecd86a8c-8f09-45d9-9e1d-180dd4625994",
              "isHook": false,
              "skipped": false
            },
            {
              "title": "should navigate to login page when Login button is clicked",
              "fullTitle": "Landing Page E2E should navigate to login page when Login button is clicked",
              "timedOut": false,
              "duration": 646,
              "state": "passed",
              "speed": "slow",
              "pass": true,
              "fail": false,
              "pending": false,
              "context": null,
              "code": "await landingPage.navigateToLanding();\nawait landingPage.clickLogin();\n\n// Verify URL\nawait driver.wait(async () => {\n    const url = await driver.getCurrentUrl();\n    return url.includes('/login');\n}, 5000);\nconst url = await driver.getCurrentUrl();\nexpect(url).to.include('/login');",
              "err": {},
              "uuid": "92c27ee9-67a6-4190-9c96-5cdd337e4838",
              "parentUUID": "ecd86a8c-8f09-45d9-9e1d-180dd4625994",
              "isHook": false,
              "skipped": false
            },
            {
              "title": "should navigate to register page when Get Started is clicked",
              "fullTitle": "Landing Page E2E should navigate to register page when Get Started is clicked",
              "timedOut": false,
              "duration": 582,
              "state": "passed",
              "speed": "slow",
              "pass": true,
              "fail": false,
              "pending": false,
              "context": null,
              "code": "await landingPage.navigateToLanding();\nawait landingPage.clickGetStarted();\n\n// Verify URL\nawait driver.wait(async () => {\n    const url = await driver.getCurrentUrl();\n    return url.includes('/register');\n}, 5000);\nconst url = await driver.getCurrentUrl();\nexpect(url).to.include('/register');",
              "err": {},
              "uuid": "3468bca6-6be0-4bca-ab2d-2ebc96ac0b90",
              "parentUUID": "ecd86a8c-8f09-45d9-9e1d-180dd4625994",
              "isHook": false,
              "skipped": false
            }
          ],
          "suites": [],
          "passes": [
            "4e38a0fe-86d1-46c6-b523-47efccee054c",
            "92c27ee9-67a6-4190-9c96-5cdd337e4838",
            "3468bca6-6be0-4bca-ab2d-2ebc96ac0b90"
          ],
          "failures": [],
          "pending": [],
          "skipped": [],
          "duration": 2199,
          "root": false,
          "rootEmpty": false,
          "_timeout": 30000
        },
        {
          "uuid": "24322560-decd-423d-be95-7c52f4adf0cf",
          "title": "Adaptive Learning Flow E2E",
          "fullFile": "C:\\Users\\jaydi\\Documents\\final-year-project\\selenium-tests\\tests\\learningFlow.test.js",
          "file": "\\tests\\learningFlow.test.js",
          "beforeHooks": [
            {
              "title": "\"before all\" hook in \"Adaptive Learning Flow E2E\"",
              "fullTitle": "Adaptive Learning Flow E2E \"before all\" hook in \"Adaptive Learning Flow E2E\"",
              "timedOut": false,
              "duration": 2466,
              "state": null,
              "speed": null,
              "pass": false,
              "fail": false,
              "pending": false,
              "context": null,
              "code": "driver = await getDriver();\nloginPage = new LoginPage(driver);\ndashboardPage = new DashboardPage(driver);\nsubjectLearningPage = new SubjectLearningPage(driver);\n// Pre-requisite: Login\nawait loginPage.navigateToLogin();\nawait loginPage.login(mockData.users.student.email, mockData.users.student.password);\nawait dashboardPage.isDashboardLoaded();",
              "err": {},
              "uuid": "e8ffd43e-6a11-42e9-8e1f-b4aca9ec0c06",
              "parentUUID": "24322560-decd-423d-be95-7c52f4adf0cf",
              "isHook": true,
              "skipped": false
            }
          ],
          "afterHooks": [
            {
              "title": "\"after all\" hook in \"Adaptive Learning Flow E2E\"",
              "fullTitle": "Adaptive Learning Flow E2E \"after all\" hook in \"Adaptive Learning Flow E2E\"",
              "timedOut": false,
              "duration": 188,
              "state": null,
              "speed": null,
              "pass": false,
              "fail": false,
              "pending": false,
              "context": null,
              "code": "if (driver) {\n    await driver.quit();\n}",
              "err": {},
              "uuid": "2cb3f8c2-b5fb-4fe3-a4ff-f40c5746f35d",
              "parentUUID": "24322560-decd-423d-be95-7c52f4adf0cf",
              "isHook": true,
              "skipped": false
            },
            {
              "title": "\"after each\" hook in \"Adaptive Learning Flow E2E\"",
              "fullTitle": "Adaptive Learning Flow E2E \"after each\" hook in \"Adaptive Learning Flow E2E\"",
              "timedOut": false,
              "duration": 0,
              "state": null,
              "speed": null,
              "pass": false,
              "fail": false,
              "pending": false,
              "context": null,
              "code": "if (this.currentTest.state === 'failed') {\n    await ScreenshotHelper.takeScreenshotOnFailure(driver, this.currentTest.title);\n}",
              "err": {},
              "uuid": "a85fb898-a406-45d9-8a81-c10967c14cdb",
              "parentUUID": "24322560-decd-423d-be95-7c52f4adf0cf",
              "isHook": true,
              "skipped": false
            }
          ],
          "tests": [
            {
              "title": "should navigate to a subject and wait for AI lesson content to load",
              "fullTitle": "Adaptive Learning Flow E2E should navigate to a subject and wait for AI lesson content to load",
              "timedOut": false,
              "duration": 30414,
              "state": "passed",
              "speed": "slow",
              "pass": true,
              "fail": false,
              "pending": false,
              "context": null,
              "code": "// Navigate directly to the test subject node\nawait subjectLearningPage.navigate(`/learning/subject/${mockData.testSubjectId}`);\n\n// This will wait for the `.animate-spin` loader to disappear (AI content loading)\nawait subjectLearningPage.waitForLessonToLoad();\n\n// Assert the quiz button is now available after lesson loaded\nconst isQuizButtonDisplayed = await subjectLearningPage.isElementDisplayed(subjectLearningPage.startQuizButton);\nexpect(isQuizButtonDisplayed).to.be.true;",
              "err": {},
              "uuid": "57e5c456-3b7e-49e2-af4b-bf2caf5ff109",
              "parentUUID": "24322560-decd-423d-be95-7c52f4adf0cf",
              "isHook": false,
              "skipped": false
            },
            {
              "title": "should navigate to a subtopic and wait for AI lesson content to load",
              "fullTitle": "Adaptive Learning Flow E2E should navigate to a subtopic and wait for AI lesson content to load",
              "timedOut": false,
              "duration": 1091,
              "state": "failed",
              "speed": null,
              "pass": false,
              "fail": true,
              "pending": false,
              "context": null,
              "code": "// If there are subtopics, enter the first one\nconst hasSubtopics = await subjectLearningPage.isElementDisplayed(subjectLearningPage.enterChildButton);\nif (hasSubtopics) {\n    await subjectLearningPage.enterFirstSubtopic();\n    await subjectLearningPage.waitForLessonToLoad();\n    const isQuizButtonDisplayed = await subjectLearningPage.isElementDisplayed(subjectLearningPage.startQuizButton);\n    expect(isQuizButtonDisplayed).to.be.true;\n} else {\n    console.log('No subtopics found for this subject, skipping subtopic navigation.');\n}",
              "err": {
                "message": "ElementClickInterceptedError: element click intercepted: Element <button type=\"button\" class=\"ml-2 text-xs text-slate-500 hover:text-indigo-400\">...</button> is not clickable at point (612, 7). Other element would receive the click: <div class=\"flex items-center justify-between h-16\">...</div>\n  (Session info: chrome=147.0.7727.138)",
                "estack": "ElementClickInterceptedError: element click intercepted: Element <button type=\"button\" class=\"ml-2 text-xs text-slate-500 hover:text-indigo-400\">...</button> is not clickable at point (612, 7). Other element would receive the click: <div class=\"flex items-center justify-between h-16\">...</div>\n  (Session info: chrome=147.0.7727.138)\n    at Object.throwDecodedError (node_modules\\selenium-webdriver\\lib\\error.js:523:15)\n    at parseHttpResponse (node_modules\\selenium-webdriver\\lib\\http.js:526:13)\n    at Executor.execute (node_modules\\selenium-webdriver\\lib\\http.js:458:28)\n    at process.processTicksAndRejections (node:internal/process/task_queues:95:5)\n    at async Driver.execute (node_modules\\selenium-webdriver\\lib\\webdriver.js:745:17)\n    at async SubjectLearningPage.enterFirstSubtopic (pages\\SubjectLearningPage.js:69:13)\n    at async Context.<anonymous> (tests\\learningFlow.test.js:58:13)",
                "diff": null
              },
              "uuid": "4ff0ce66-5384-4092-a37c-1daec26c3ae6",
              "parentUUID": "24322560-decd-423d-be95-7c52f4adf0cf",
              "isHook": false,
              "skipped": false
            },
            {
              "title": "should start an AI-generated quiz, complete it, and view results",
              "fullTitle": "Adaptive Learning Flow E2E should start an AI-generated quiz, complete it, and view results",
              "timedOut": false,
              "duration": 39783,
              "state": "passed",
              "speed": "slow",
              "pass": true,
              "fail": false,
              "pending": false,
              "context": null,
              "code": "await subjectLearningPage.startQuiz();\n\n// Complete the quiz by selecting options and navigating next/submit\nawait subjectLearningPage.completeQuiz();\n\n// Assert that the result screen is displayed\nconst isResultDisplayed = await subjectLearningPage.isQuizResultDisplayed();\nexpect(isResultDisplayed).to.be.true;",
              "err": {},
              "uuid": "63fd4522-c334-42e9-ba16-399b26d57776",
              "parentUUID": "24322560-decd-423d-be95-7c52f4adf0cf",
              "isHook": false,
              "skipped": false
            }
          ],
          "suites": [],
          "passes": [
            "57e5c456-3b7e-49e2-af4b-bf2caf5ff109",
            "63fd4522-c334-42e9-ba16-399b26d57776"
          ],
          "failures": [
            "4ff0ce66-5384-4092-a37c-1daec26c3ae6"
          ],
          "pending": [],
          "skipped": [],
          "duration": 71288,
          "root": false,
          "rootEmpty": false,
          "_timeout": 120000
        },
        {
          "uuid": "5cf2195a-a9a3-44fe-a4b4-0a660f0abd84",
          "title": "Profile E2E",
          "fullFile": "C:\\Users\\jaydi\\Documents\\final-year-project\\selenium-tests\\tests\\profile.test.js",
          "file": "\\tests\\profile.test.js",
          "beforeHooks": [
            {
              "title": "\"before all\" hook in \"Profile E2E\"",
              "fullTitle": "Profile E2E \"before all\" hook in \"Profile E2E\"",
              "timedOut": false,
              "duration": 1698,
              "state": null,
              "speed": null,
              "pass": false,
              "fail": false,
              "pending": false,
              "context": null,
              "code": "driver = await getDriver();\nprofilePage = new ProfilePage(driver);\nloginPage = new LoginPage(driver);\n// Pre-requisite: Login\nawait loginPage.navigateToLogin();\nawait loginPage.login(mockData.users.student.email, mockData.users.student.password);",
              "err": {},
              "uuid": "55ae73e4-1870-491c-b448-f31bd114ce74",
              "parentUUID": "5cf2195a-a9a3-44fe-a4b4-0a660f0abd84",
              "isHook": true,
              "skipped": false
            }
          ],
          "afterHooks": [
            {
              "title": "\"after all\" hook in \"Profile E2E\"",
              "fullTitle": "Profile E2E \"after all\" hook in \"Profile E2E\"",
              "timedOut": false,
              "duration": 133,
              "state": null,
              "speed": null,
              "pass": false,
              "fail": false,
              "pending": false,
              "context": null,
              "code": "if (driver) {\n    await driver.quit();\n}",
              "err": {},
              "uuid": "a23975dc-7c1f-4588-8654-77f321f1bc2a",
              "parentUUID": "5cf2195a-a9a3-44fe-a4b4-0a660f0abd84",
              "isHook": true,
              "skipped": false
            },
            {
              "title": "\"after each\" hook in \"Profile E2E\"",
              "fullTitle": "Profile E2E \"after each\" hook in \"Profile E2E\"",
              "timedOut": false,
              "duration": 152,
              "state": null,
              "speed": null,
              "pass": false,
              "fail": false,
              "pending": false,
              "context": null,
              "code": "if (this.currentTest.state === 'failed') {\n    await ScreenshotHelper.takeScreenshotOnFailure(driver, this.currentTest.title);\n}",
              "err": {},
              "uuid": "83fce22b-f0a5-47ab-8649-7796254bf76f",
              "parentUUID": "5cf2195a-a9a3-44fe-a4b4-0a660f0abd84",
              "isHook": true,
              "skipped": false
            }
          ],
          "tests": [
            {
              "title": "should navigate to profile edit, fill form, and save",
              "fullTitle": "Profile E2E should navigate to profile edit, fill form, and save",
              "timedOut": false,
              "duration": 15354,
              "state": "failed",
              "speed": null,
              "pass": false,
              "fail": true,
              "pending": false,
              "context": null,
              "code": "await profilePage.navigateToProfileEdit();\n\nawait profilePage.fillProfile(\n    mockData.profile.age,\n    mockData.profile.grade,\n    mockData.profile.bio\n);\n\nawait profilePage.saveProfile();\n// After save, it should either show a success message or redirect to profile view\nawait driver.wait(async () => {\n    const url = await driver.getCurrentUrl();\n    return url.includes('/profile/');\n}, 15000);\n\nconst isLoaded = await profilePage.isProfileViewLoaded();\nexpect(isLoaded).to.be.true;",
              "err": {
                "message": "TimeoutError: Element not located: By(css selector, input[name=\"age\"], input[id=\"age\"])\nWait timed out after 15172ms",
                "estack": "TimeoutError: Element not located: By(css selector, input[name=\"age\"], input[id=\"age\"])\nWait timed out after 15172ms\n    at C:\\Users\\jaydi\\Documents\\final-year-project\\selenium-tests\\node_modules\\selenium-webdriver\\lib\\webdriver.js:929:22\n    at process.processTicksAndRejections (node:internal/process/task_queues:95:5)",
                "diff": null
              },
              "uuid": "d420519b-ed50-4c51-846c-0339bf4320f6",
              "parentUUID": "5cf2195a-a9a3-44fe-a4b4-0a660f0abd84",
              "isHook": false,
              "skipped": false
            }
          ],
          "suites": [],
          "passes": [],
          "failures": [
            "d420519b-ed50-4c51-846c-0339bf4320f6"
          ],
          "pending": [],
          "skipped": [],
          "duration": 15354,
          "root": false,
          "rootEmpty": false,
          "_timeout": 45000
        },
        {
          "uuid": "1f7ab4fc-251c-457d-8f44-186d1b761c74",
          "title": "Registration Flow E2E",
          "fullFile": "C:\\Users\\jaydi\\Documents\\final-year-project\\selenium-tests\\tests\\register.test.js",
          "file": "\\tests\\register.test.js",
          "beforeHooks": [
            {
              "title": "\"before all\" hook in \"Registration Flow E2E\"",
              "fullTitle": "Registration Flow E2E \"before all\" hook in \"Registration Flow E2E\"",
              "timedOut": false,
              "duration": 827,
              "state": null,
              "speed": null,
              "pass": false,
              "fail": false,
              "pending": false,
              "context": null,
              "code": "driver = await getDriver();\nregisterPage = new RegisterPage(driver);\ndashboardPage = new DashboardPage(driver);",
              "err": {},
              "uuid": "4ff187a3-0c71-4cfc-a934-8e2a329ee304",
              "parentUUID": "1f7ab4fc-251c-457d-8f44-186d1b761c74",
              "isHook": true,
              "skipped": false
            }
          ],
          "afterHooks": [
            {
              "title": "\"after all\" hook in \"Registration Flow E2E\"",
              "fullTitle": "Registration Flow E2E \"after all\" hook in \"Registration Flow E2E\"",
              "timedOut": false,
              "duration": 128,
              "state": null,
              "speed": null,
              "pass": false,
              "fail": false,
              "pending": false,
              "context": null,
              "code": "if (driver) {\n    await driver.quit();\n}",
              "err": {},
              "uuid": "86e12d1a-356e-4ba3-8993-fa99612fe1c2",
              "parentUUID": "1f7ab4fc-251c-457d-8f44-186d1b761c74",
              "isHook": true,
              "skipped": false
            },
            {
              "title": "\"after each\" hook in \"Registration Flow E2E\"",
              "fullTitle": "Registration Flow E2E \"after each\" hook in \"Registration Flow E2E\"",
              "timedOut": false,
              "duration": 135,
              "state": null,
              "speed": null,
              "pass": false,
              "fail": false,
              "pending": false,
              "context": null,
              "code": "if (this.currentTest.state === 'failed') {\n    await ScreenshotHelper.takeScreenshotOnFailure(driver, this.currentTest.title);\n}",
              "err": {},
              "uuid": "57f2560c-6c18-4543-8e89-03e462fdab4f",
              "parentUUID": "1f7ab4fc-251c-457d-8f44-186d1b761c74",
              "isHook": true,
              "skipped": false
            }
          ],
          "tests": [
            {
              "title": "should fail registration with an already existing email",
              "fullTitle": "Registration Flow E2E should fail registration with an already existing email",
              "timedOut": false,
              "duration": 1317,
              "state": "failed",
              "speed": null,
              "pass": false,
              "fail": true,
              "pending": false,
              "context": null,
              "code": "await registerPage.navigateToRegister();\n// Use the existing student email from mockData\nawait registerPage.fillRegistrationForm(\n    'Test User',\n    mockData.users.student.email,\n    mockData.users.student.password\n);\nawait registerPage.submitRegistration();\n// Wait a bit for the API call and error to render\nawait driver.sleep(2000);\nconst isErrorVisible = await registerPage.isErrorMessageDisplayed();\nexpect(isErrorVisible).to.be.true;",
              "err": {
                "message": "InvalidElementStateError: invalid element state\n  (Session info: chrome=147.0.7727.138)",
                "estack": "InvalidElementStateError: invalid element state\n  (Session info: chrome=147.0.7727.138)\n    at Object.throwDecodedError (node_modules\\selenium-webdriver\\lib\\error.js:523:15)\n    at parseHttpResponse (node_modules\\selenium-webdriver\\lib\\http.js:526:13)\n    at Executor.execute (node_modules\\selenium-webdriver\\lib\\http.js:458:28)\n    at process.processTicksAndRejections (node:internal/process/task_queues:95:5)\n    at async Driver.execute (node_modules\\selenium-webdriver\\lib\\webdriver.js:745:17)\n    at async RegisterPage.type (pages\\BasePage.js:20:9)\n    at async RegisterPage.fillRegistrationForm (pages\\RegisterPage.js:28:13)\n    at async Context.<anonymous> (tests\\register.test.js:36:9)",
                "diff": null
              },
              "uuid": "8761faa5-68bc-48ec-b21a-0db6d2c35776",
              "parentUUID": "1f7ab4fc-251c-457d-8f44-186d1b761c74",
              "isHook": false,
              "skipped": false
            },
            {
              "title": "should successfully register a new user and redirect to dashboard",
              "fullTitle": "Registration Flow E2E should successfully register a new user and redirect to dashboard",
              "timedOut": false,
              "duration": 803,
              "state": "failed",
              "speed": null,
              "pass": false,
              "fail": true,
              "pending": false,
              "context": null,
              "code": "await registerPage.navigateToRegister();\n\n// Generate a random email to ensure successful registration\nconst randomEmail = `selenium.new.${Date.now()}@example.com`;\n\nawait registerPage.fillRegistrationForm(\n    mockData.users.newStudent.name,\n    randomEmail,\n    mockData.users.newStudent.password\n);\nawait registerPage.submitRegistration();\n// Check if redirected to dashboard or login\nawait driver.wait(async () => {\n    const url = await driver.getCurrentUrl();\n    return url.includes('/dashboard') || url.includes('/login');\n}, 15000);\n\nconst currentUrl = await driver.getCurrentUrl();\nexpect(currentUrl).to.satisfy(url => url.includes('/dashboard') || url.includes('/login'));",
              "err": {
                "message": "InvalidElementStateError: invalid element state\n  (Session info: chrome=147.0.7727.138)",
                "estack": "InvalidElementStateError: invalid element state\n  (Session info: chrome=147.0.7727.138)\n    at Object.throwDecodedError (node_modules\\selenium-webdriver\\lib\\error.js:523:15)\n    at parseHttpResponse (node_modules\\selenium-webdriver\\lib\\http.js:526:13)\n    at Executor.execute (node_modules\\selenium-webdriver\\lib\\http.js:458:28)\n    at process.processTicksAndRejections (node:internal/process/task_queues:95:5)\n    at async Driver.execute (node_modules\\selenium-webdriver\\lib\\webdriver.js:745:17)\n    at async RegisterPage.type (pages\\BasePage.js:20:9)\n    at async RegisterPage.fillRegistrationForm (pages\\RegisterPage.js:28:13)\n    at async Context.<anonymous> (tests\\register.test.js:55:9)",
                "diff": null
              },
              "uuid": "0b199c26-e859-4762-bac6-158e85cd81fd",
              "parentUUID": "1f7ab4fc-251c-457d-8f44-186d1b761c74",
              "isHook": false,
              "skipped": false
            }
          ],
          "suites": [],
          "passes": [],
          "failures": [
            "8761faa5-68bc-48ec-b21a-0db6d2c35776",
            "0b199c26-e859-4762-bac6-158e85cd81fd"
          ],
          "pending": [],
          "skipped": [],
          "duration": 2120,
          "root": false,
          "rootEmpty": false,
          "_timeout": 45000
        },
        {
          "uuid": "d119ae49-86cf-45f2-a250-47b1323b3a5e",
          "title": "Subjects List E2E",
          "fullFile": "C:\\Users\\jaydi\\Documents\\final-year-project\\selenium-tests\\tests\\subjects.test.js",
          "file": "\\tests\\subjects.test.js",
          "beforeHooks": [
            {
              "title": "\"before all\" hook in \"Subjects List E2E\"",
              "fullTitle": "Subjects List E2E \"before all\" hook in \"Subjects List E2E\"",
              "timedOut": false,
              "duration": 2090,
              "state": null,
              "speed": null,
              "pass": false,
              "fail": false,
              "pending": false,
              "context": null,
              "code": "driver = await getDriver();\nsubjectsPage = new SubjectsPage(driver);\nloginPage = new LoginPage(driver);\n// Pre-requisite: Login\nawait loginPage.navigateToLogin();\nawait loginPage.login(mockData.users.student.email, mockData.users.student.password);",
              "err": {},
              "uuid": "1ab88789-8735-4661-98d6-4c7ff6b66c02",
              "parentUUID": "d119ae49-86cf-45f2-a250-47b1323b3a5e",
              "isHook": true,
              "skipped": false
            }
          ],
          "afterHooks": [
            {
              "title": "\"after all\" hook in \"Subjects List E2E\"",
              "fullTitle": "Subjects List E2E \"after all\" hook in \"Subjects List E2E\"",
              "timedOut": false,
              "duration": 188,
              "state": null,
              "speed": null,
              "pass": false,
              "fail": false,
              "pending": false,
              "context": null,
              "code": "if (driver) {\n    await driver.quit();\n}",
              "err": {},
              "uuid": "f9cb1bee-abfc-4472-8b63-278a7e11e2fa",
              "parentUUID": "d119ae49-86cf-45f2-a250-47b1323b3a5e",
              "isHook": true,
              "skipped": false
            },
            {
              "title": "\"after each\" hook in \"Subjects List E2E\"",
              "fullTitle": "Subjects List E2E \"after each\" hook in \"Subjects List E2E\"",
              "timedOut": false,
              "duration": 81,
              "state": null,
              "speed": null,
              "pass": false,
              "fail": false,
              "pending": false,
              "context": null,
              "code": "if (this.currentTest.state === 'failed') {\n    await ScreenshotHelper.takeScreenshotOnFailure(driver, this.currentTest.title);\n}",
              "err": {},
              "uuid": "aff32a74-c5b8-4e92-a71f-722c5285d62f",
              "parentUUID": "d119ae49-86cf-45f2-a250-47b1323b3a5e",
              "isHook": true,
              "skipped": false
            }
          ],
          "tests": [
            {
              "title": "should navigate to subjects page and load subjects",
              "fullTitle": "Subjects List E2E should navigate to subjects page and load subjects",
              "timedOut": false,
              "duration": 5277,
              "state": "failed",
              "speed": null,
              "pass": false,
              "fail": true,
              "pending": false,
              "context": null,
              "code": "await subjectsPage.navigateToSubjects();\n\nconst isLoaded = await subjectsPage.isSubjectsLoaded();\nexpect(isLoaded).to.be.true;\nconst count = await subjectsPage.getSubjectsCount();\nexpect(count).to.be.greaterThan(0);",
              "err": {
                "message": "AssertionError: expected false to be true",
                "estack": "AssertionError: expected false to be true\n    at Context.<anonymous> (tests\\subjects.test.js:41:31)\n    at process.processTicksAndRejections (node:internal/process/task_queues:95:5)",
                "diff": "- false\n+ true\n"
              },
              "uuid": "f421bf0c-3ec0-4cbb-a15f-0be965168e5f",
              "parentUUID": "d119ae49-86cf-45f2-a250-47b1323b3a5e",
              "isHook": false,
              "skipped": false
            },
            {
              "title": "should navigate to learning page when a subject is clicked",
              "fullTitle": "Subjects List E2E should navigate to learning page when a subject is clicked",
              "timedOut": false,
              "duration": 15231,
              "state": "failed",
              "speed": null,
              "pass": false,
              "fail": true,
              "pending": false,
              "context": null,
              "code": "await subjectsPage.navigateToSubjects();\nawait subjectsPage.clickFirstSubject();\n\nawait driver.wait(async () => {\n    const url = await driver.getCurrentUrl();\n    return url.includes('/learning/subject/');\n}, 10000);\n\nconst currentUrl = await driver.getCurrentUrl();\nexpect(currentUrl).to.include('/learning/subject/');",
              "err": {
                "message": "TimeoutError: Element not located: By(xpath, (//a[contains(@href, '/learning/subject/')])[1])\nWait timed out after 15115ms",
                "estack": "TimeoutError: Element not located: By(xpath, (//a[contains(@href, '/learning/subject/')])[1])\nWait timed out after 15115ms\n    at C:\\Users\\jaydi\\Documents\\final-year-project\\selenium-tests\\node_modules\\selenium-webdriver\\lib\\webdriver.js:929:22\n    at process.processTicksAndRejections (node:internal/process/task_queues:95:5)",
                "diff": null
              },
              "uuid": "d4aa7358-cbb7-49bf-92b6-638cd81cba46",
              "parentUUID": "d119ae49-86cf-45f2-a250-47b1323b3a5e",
              "isHook": false,
              "skipped": false
            }
          ],
          "suites": [],
          "passes": [],
          "failures": [
            "f421bf0c-3ec0-4cbb-a15f-0be965168e5f",
            "d4aa7358-cbb7-49bf-92b6-638cd81cba46"
          ],
          "pending": [],
          "skipped": [],
          "duration": 20508,
          "root": false,
          "rootEmpty": false,
          "_timeout": 45000
        }
      ],
      "passes": [],
      "failures": [],
      "pending": [],
      "skipped": [],
      "duration": 0,
      "root": true,
      "rootEmpty": true,
      "_timeout": 60000
    }
  ],
  "meta": {
    "mocha": {
      "version": "10.8.2"
    },
    "mochawesome": {
      "options": {
        "quiet": false,
        "reportFilename": "mochawesome",
        "saveHtml": true,
        "saveJson": true,
        "consoleReporter": "spec",
        "useInlineDiffs": false,
        "code": true
      },
      "version": "7.1.4"
    },
    "marge": {
      "options": null,
      "version": "6.3.2"
    }
  }
}